2015-06-03 10:09:20,238 NioDatagramAcceptor-1 INFO org.apache.mina.filter.logging.LoggingFilter - CREATED
2015-06-03 10:09:20,393 NioDatagramAcceptor-1 INFO org.apache.mina.filter.logging.LoggingFilter - OPENED
2015-06-03 10:09:20,587 pool-2-thread-1 DEBUG org.apache.mina.core.filterchain.IoFilterEvent - Firing a SESSION_OPENED event for session 1
2015-06-03 10:09:20,587 NioDatagramAcceptor-1 INFO org.apache.mina.filter.logging.LoggingFilter - RECEIVED: HeapBuffer[pos=0 lim=185 cap=4096: 3C 31 34 3E 4A 75 6E 20 20 33 20 31 30 3A 30 39...]
2015-06-03 10:09:20,684 NioDatagramAcceptor-1 DEBUG org.apache.mina.filter.codec.ProtocolCodecFilter - Processing a MESSAGE_RECEIVED for session 1
2015-06-03 10:09:20,745 pool-2-thread-1 DEBUG org.apache.mina.core.filterchain.IoFilterEvent - Event SESSION_OPENED has been fired for session 1
2015-06-03 10:09:20,772 pool-2-thread-2 DEBUG org.apache.mina.core.filterchain.IoFilterEvent - Firing a MESSAGE_RECEIVED event for session 1
2015-06-03 10:09:20,772 NioDatagramAcceptor-1 INFO org.apache.mina.filter.logging.LoggingFilter - RECEIVED: HeapBuffer[pos=0 lim=255 cap=4096: 3C 31 34 3E 4A 75 6E 20 20 33 20 31 30 3A 30 39...]
2015-06-03 10:09:20,837 pool-2-thread-2 DEBUG <clinit> - 日志上报<14>Jun  3 10:09:17 ćŻ process: |witfii:|0100860000002772|08:57:00:33:27:c5|Mozilla/4.0 (compatible; MSIE 6.0; Windows NT 5.1)|http://cgi.find.qq.com/qqfind/btn/tips?ldw=1214718333
2015-06-03 10:09:20,850 NioDatagramAcceptor-1 DEBUG org.apache.mina.filter.codec.ProtocolCodecFilter - Processing a MESSAGE_RECEIVED for session 1
2015-06-03 10:09:20,882 pool-2-thread-1 DEBUG org.apache.mina.core.filterchain.IoFilterEvent - Firing a MESSAGE_RECEIVED event for session 1
2015-06-03 10:09:20,882 NioDatagramAcceptor-1 INFO org.apache.mina.filter.logging.LoggingFilter - RECEIVED: HeapBuffer[pos=0 lim=215 cap=4096: 3C 31 34 3E 4A 75 6E 20 20 33 20 31 30 3A 30 39...]
2015-06-03 10:09:20,954 pool-2-thread-1 DEBUG <clinit> - 日志上报<14>Jun  3 10:09:17 ćŻ process: |witfii:|0100860000002772|08:57:00:33:27:c5|Mozilla/4.0 (compatible; MSIE 6.0; Windows NT 5.1)|http://cgi.qqweb.qq.com/pc/getzip?offlineid=1&clientuin=1152695512&clientver=5407&appid=10001009&pubno=26457&ts=&prefetch=1
2015-06-03 10:09:21,007 NioDatagramAcceptor-1 DEBUG org.apache.mina.filter.codec.ProtocolCodecFilter - Processing a MESSAGE_RECEIVED for session 1
2015-06-03 10:09:21,117 pool-2-thread-3 DEBUG org.apache.mina.core.filterchain.IoFilterEvent - Firing a MESSAGE_RECEIVED event for session 1
2015-06-03 10:09:21,117 NioDatagramAcceptor-1 INFO org.apache.mina.filter.logging.LoggingFilter - RECEIVED: HeapBuffer[pos=0 lim=215 cap=4096: 3C 31 34 3E 4A 75 6E 20 20 33 20 31 30 3A 30 39...]
2015-06-03 10:09:21,131 pool-2-thread-2 ERROR <clinit> - <14>Jun  3 10:09:17 ćŻ process: |witfii:|0100860000002772|08:57:00:33:27:c5|Mozilla/4.0 (compatible; MSIE 6.0; Windows NT 5.1)|http://cgi.find.qq.com/qqfind/btn/tips?ldw=1214718333
2015-06-03 10:09:21,141 pool-2-thread-1 ERROR <clinit> - <14>Jun  3 10:09:17 ćŻ process: |witfii:|0100860000002772|08:57:00:33:27:c5|Mozilla/4.0 (compatible; MSIE 6.0; Windows NT 5.1)|http://cgi.qqweb.qq.com/pc/getzip?offlineid=1&clientuin=1152695512&clientver=5407&appid=10001009&pubno=26457&ts=&prefetch=1
2015-06-03 10:09:21,163 pool-2-thread-3 DEBUG <clinit> - 日志上报<14>Jun  3 10:09:17 ćŻ process: |witfii:|0100860000002772|08:57:00:33:27:c5|Mozilla/4.0 (compatible; MSIE 6.0; Windows NT 5.1)|http://m.pifii.com/ifidc/pifii.html?mac=08:57:00:33:27:c5&routersn=0100860000002772
2015-06-03 10:09:21,175 NioDatagramAcceptor-1 DEBUG org.apache.mina.filter.codec.ProtocolCodecFilter - Processing a MESSAGE_RECEIVED for session 1
2015-06-03 10:09:21,220 pool-2-thread-2 DEBUG org.apache.mina.core.filterchain.IoFilterEvent - Event MESSAGE_RECEIVED has been fired for session 1
2015-06-03 10:09:21,276 pool-2-thread-1 DEBUG org.apache.mina.core.filterchain.IoFilterEvent - Event MESSAGE_RECEIVED has been fired for session 1
2015-06-03 10:09:21,290 pool-2-thread-2 DEBUG org.apache.mina.core.filterchain.IoFilterEvent - Firing a MESSAGE_RECEIVED event for session 1
2015-06-03 10:09:21,290 NioDatagramAcceptor-1 INFO org.apache.mina.filter.logging.LoggingFilter - RECEIVED: HeapBuffer[pos=0 lim=257 cap=4096: 3C 31 34 3E 4A 75 6E 20 20 33 20 31 30 3A 30 39...]
2015-06-03 10:09:21,400 pool-2-thread-3 ERROR <clinit> - <14>Jun  3 10:09:17 ćŻ process: |witfii:|0100860000002772|08:57:00:33:27:c5|Mozilla/4.0 (compatible; MSIE 6.0; Windows NT 5.1)|http://m.pifii.com/ifidc/pifii.html?mac=08:57:00:33:27:c5&routersn=0100860000002772
2015-06-03 10:09:21,426 pool-2-thread-2 DEBUG <clinit> - 日志上报<14>Jun  3 10:09:17 ćŻ process: |witfii:|0100860000002772|08:57:00:33:27:c5|Mozilla/4.0 (compatible; MSIE 6.0; Windows NT 5.1)|http://m.pifii.com/ifidc/pifii.html?mac=08:57:00:33:27:c5&routersn=0100860000002772
2015-06-03 10:09:21,481 NioDatagramAcceptor-1 DEBUG org.apache.mina.filter.codec.ProtocolCodecFilter - Processing a MESSAGE_RECEIVED for session 1
2015-06-03 10:09:21,492 pool-2-thread-3 DEBUG org.apache.mina.core.filterchain.IoFilterEvent - Event MESSAGE_RECEIVED has been fired for session 1
2015-06-03 10:09:21,517 pool-2-thread-1 DEBUG org.apache.mina.core.filterchain.IoFilterEvent - Firing a MESSAGE_RECEIVED event for session 1
2015-06-03 10:09:21,517 NioDatagramAcceptor-1 INFO org.apache.mina.filter.logging.LoggingFilter - RECEIVED: HeapBuffer[pos=0 lim=215 cap=4096: 3C 31 34 3E 4A 75 6E 20 20 33 20 31 30 3A 30 39...]
2015-06-03 10:09:21,542 pool-2-thread-2 ERROR <clinit> - <14>Jun  3 10:09:17 ćŻ process: |witfii:|0100860000002772|08:57:00:33:27:c5|Mozilla/4.0 (compatible; MSIE 6.0; Windows NT 5.1)|http://m.pifii.com/ifidc/pifii.html?mac=08:57:00:33:27:c5&routersn=0100860000002772
2015-06-03 10:09:21,555 pool-2-thread-1 DEBUG <clinit> - 日志上报<14>Jun  3 10:09:17 ćŻ process: |witfii:|0100860000002772|08:57:00:33:27:c5|Mozilla/4.0 (compatible; MSIE 6.0; Windows NT 5.1)|http://cgi.qqweb.qq.com/pc/getzip?offlineid=117&clientuin=1152695512&clientver=5407&appid=10001013&pubno=26457&ts=&prefetch=1
2015-06-03 10:09:21,568 NioDatagramAcceptor-1 DEBUG org.apache.mina.filter.codec.ProtocolCodecFilter - Processing a MESSAGE_RECEIVED for session 1
2015-06-03 10:09:21,581 pool-2-thread-2 DEBUG org.apache.mina.core.filterchain.IoFilterEvent - Event MESSAGE_RECEIVED has been fired for session 1
2015-06-03 10:09:21,593 pool-2-thread-3 DEBUG org.apache.mina.core.filterchain.IoFilterEvent - Firing a MESSAGE_RECEIVED event for session 1
2015-06-03 10:09:21,605 pool-2-thread-1 ERROR <clinit> - <14>Jun  3 10:09:17 ćŻ process: |witfii:|0100860000002772|08:57:00:33:27:c5|Mozilla/4.0 (compatible; MSIE 6.0; Windows NT 5.1)|http://cgi.qqweb.qq.com/pc/getzip?offlineid=117&clientuin=1152695512&clientver=5407&appid=10001013&pubno=26457&ts=&prefetch=1
2015-06-03 10:09:21,618 pool-2-thread-3 DEBUG <clinit> - 日志上报<14>Jun  3 10:09:17 ćŻ process: |witfii:|0100860000002772|08:57:00:33:27:c5|Mozilla/4.0 (compatible; MSIE 6.0; Windows NT 5.1)|http://m.pifii.com/ifidc/pifii.html?mac=08:57:00:33:27:c5&routersn=0100860000002772
2015-06-03 10:09:21,631 pool-2-thread-1 DEBUG org.apache.mina.core.filterchain.IoFilterEvent - Event MESSAGE_RECEIVED has been fired for session 1
2015-06-03 10:09:21,669 pool-2-thread-3 ERROR <clinit> - <14>Jun  3 10:09:17 ćŻ process: |witfii:|0100860000002772|08:57:00:33:27:c5|Mozilla/4.0 (compatible; MSIE 6.0; Windows NT 5.1)|http://m.pifii.com/ifidc/pifii.html?mac=08:57:00:33:27:c5&routersn=0100860000002772
2015-06-03 10:09:21,721 pool-2-thread-3 DEBUG org.apache.mina.core.filterchain.IoFilterEvent - Event MESSAGE_RECEIVED has been fired for session 1
2015-06-03 10:09:25,018 NioDatagramAcceptor-1 INFO org.apache.mina.filter.logging.LoggingFilter - RECEIVED: HeapBuffer[pos=0 lim=128 cap=4096: 3C 31 34 3E 4A 75 6E 20 20 33 20 31 30 3A 30 39...]
2015-06-03 10:09:25,118 NioDatagramAcceptor-1 DEBUG org.apache.mina.filter.codec.ProtocolCodecFilter - Processing a MESSAGE_RECEIVED for session 1
2015-06-03 10:09:25,147 pool-2-thread-3 DEBUG org.apache.mina.core.filterchain.IoFilterEvent - Firing a MESSAGE_RECEIVED event for session 1
2015-06-03 10:09:25,147 NioDatagramAcceptor-1 INFO org.apache.mina.filter.logging.LoggingFilter - RECEIVED: HeapBuffer[pos=0 lim=179 cap=4096: 3C 31 34 3E 4A 75 6E 20 20 33 20 31 30 3A 30 39...]
2015-06-03 10:09:25,176 NioDatagramAcceptor-1 DEBUG org.apache.mina.filter.codec.ProtocolCodecFilter - Processing a MESSAGE_RECEIVED for session 1
2015-06-03 10:09:25,189 pool-2-thread-3 DEBUG <clinit> - 日志上报<14>Jun  3 10:09:22 ćŻ process: |witfii:|0100860000002772|08:57:00:33:27:c5|Microsoft NCSI|http://www.msftncsi.com/ncsi.txt
2015-06-03 10:09:25,201 pool-2-thread-1 DEBUG org.apache.mina.core.filterchain.IoFilterEvent - Firing a MESSAGE_RECEIVED event for session 1
2015-06-03 10:09:25,226 pool-2-thread-1 DEBUG <clinit> - 日志上报<14>Jun  3 10:09:22 ćŻ process: |witfii:|0100860000002772|08:57:00:33:27:c5|Microsoft NCSI|http://m.pifii.com/ifidc/pifii.html?mac=08:57:00:33:27:c5&routersn=0100860000002772
2015-06-03 10:09:25,239 pool-2-thread-3 ERROR <clinit> - <14>Jun  3 10:09:22 ćŻ process: |witfii:|0100860000002772|08:57:00:33:27:c5|Microsoft NCSI|http://www.msftncsi.com/ncsi.txt
2015-06-03 10:09:25,264 pool-2-thread-3 DEBUG org.apache.mina.core.filterchain.IoFilterEvent - Event MESSAGE_RECEIVED has been fired for session 1
2015-06-03 10:09:25,276 pool-2-thread-1 ERROR <clinit> - <14>Jun  3 10:09:22 ćŻ process: |witfii:|0100860000002772|08:57:00:33:27:c5|Microsoft NCSI|http://m.pifii.com/ifidc/pifii.html?mac=08:57:00:33:27:c5&routersn=0100860000002772
2015-06-03 10:09:25,302 pool-2-thread-1 DEBUG org.apache.mina.core.filterchain.IoFilterEvent - Event MESSAGE_RECEIVED has been fired for session 1
2015-06-03 10:09:55,021 NioDatagramAcceptor-1 INFO org.apache.mina.filter.logging.LoggingFilter - RECEIVED: HeapBuffer[pos=0 lim=128 cap=4096: 3C 31 34 3E 4A 75 6E 20 20 33 20 31 30 3A 30 39...]
2015-06-03 10:09:55,133 NioDatagramAcceptor-1 DEBUG org.apache.mina.filter.codec.ProtocolCodecFilter - Processing a MESSAGE_RECEIVED for session 1
2015-06-03 10:09:55,161 pool-2-thread-1 DEBUG org.apache.mina.core.filterchain.IoFilterEvent - Firing a MESSAGE_RECEIVED event for session 1
2015-06-03 10:09:55,162 NioDatagramAcceptor-1 INFO org.apache.mina.filter.logging.LoggingFilter - RECEIVED: HeapBuffer[pos=0 lim=179 cap=4096: 3C 31 34 3E 4A 75 6E 20 20 33 20 31 30 3A 30 39...]
2015-06-03 10:09:55,191 NioDatagramAcceptor-1 DEBUG org.apache.mina.filter.codec.ProtocolCodecFilter - Processing a MESSAGE_RECEIVED for session 1
2015-06-03 10:09:55,203 pool-2-thread-1 DEBUG <clinit> - 日志上报<14>Jun  3 10:09:52 ćŻ process: |witfii:|0100860000002772|08:57:00:33:27:c5|Microsoft NCSI|http://www.msftncsi.com/ncsi.txt
2015-06-03 10:09:55,216 pool-2-thread-3 DEBUG org.apache.mina.core.filterchain.IoFilterEvent - Firing a MESSAGE_RECEIVED event for session 1
2015-06-03 10:09:55,261 pool-2-thread-1 ERROR <clinit> - <14>Jun  3 10:09:52 ćŻ process: |witfii:|0100860000002772|08:57:00:33:27:c5|Microsoft NCSI|http://www.msftncsi.com/ncsi.txt
2015-06-03 10:09:55,287 pool-2-thread-1 DEBUG org.apache.mina.core.filterchain.IoFilterEvent - Event MESSAGE_RECEIVED has been fired for session 1
2015-06-03 10:09:55,299 pool-2-thread-3 DEBUG <clinit> - 日志上报<14>Jun  3 10:09:52 ćŻ process: |witfii:|0100860000002772|08:57:00:33:27:c5|Microsoft NCSI|http://m.pifii.com/ifidc/pifii.html?mac=08:57:00:33:27:c5&routersn=0100860000002772
2015-06-03 10:09:55,344 pool-2-thread-3 ERROR <clinit> - <14>Jun  3 10:09:52 ćŻ process: |witfii:|0100860000002772|08:57:00:33:27:c5|Microsoft NCSI|http://m.pifii.com/ifidc/pifii.html?mac=08:57:00:33:27:c5&routersn=0100860000002772
2015-06-03 10:09:55,375 pool-2-thread-3 DEBUG org.apache.mina.core.filterchain.IoFilterEvent - Event MESSAGE_RECEIVED has been fired for session 1
2015-06-03 10:10:25,046 NioDatagramAcceptor-1 INFO org.apache.mina.filter.logging.LoggingFilter - CREATED
2015-06-03 10:10:25,097 NioDatagramAcceptor-1 INFO org.apache.mina.filter.logging.LoggingFilter - OPENED
2015-06-03 10:10:25,119 pool-2-thread-1 DEBUG org.apache.mina.core.filterchain.IoFilterEvent - Firing a SESSION_OPENED event for session 1
2015-06-03 10:10:25,119 NioDatagramAcceptor-1 INFO org.apache.mina.filter.logging.LoggingFilter - RECEIVED: HeapBuffer[pos=0 lim=128 cap=4096: 3C 31 34 3E 4A 75 6E 20 20 33 20 31 30 3A 31 30...]
2015-06-03 10:10:25,166 pool-2-thread-1 DEBUG org.apache.mina.core.filterchain.IoFilterEvent - Event SESSION_OPENED has been fired for session 1
2015-06-03 10:10:25,177 NioDatagramAcceptor-1 DEBUG org.apache.mina.filter.codec.ProtocolCodecFilter - Processing a MESSAGE_RECEIVED for session 1
2015-06-03 10:10:25,220 pool-2-thread-1 DEBUG org.apache.mina.core.filterchain.IoFilterEvent - Firing a MESSAGE_RECEIVED event for session 1
2015-06-03 10:10:25,220 NioDatagramAcceptor-1 INFO org.apache.mina.filter.logging.LoggingFilter - RECEIVED: HeapBuffer[pos=0 lim=179 cap=4096: 3C 31 34 3E 4A 75 6E 20 20 33 20 31 30 3A 31 30...]
2015-06-03 10:10:25,238 pool-2-thread-1 DEBUG <clinit> - 日志上报<14>Jun  3 10:10:22 ćŻ process: |witfii:|0100860000002772|08:57:00:33:27:c5|Microsoft NCSI|http://www.msftncsi.com/ncsi.txt
2015-06-03 10:10:25,252 NioDatagramAcceptor-1 DEBUG org.apache.mina.filter.codec.ProtocolCodecFilter - Processing a MESSAGE_RECEIVED for session 1
2015-06-03 10:10:25,289 pool-2-thread-2 DEBUG org.apache.mina.core.filterchain.IoFilterEvent - Firing a MESSAGE_RECEIVED event for session 1
2015-06-03 10:10:25,303 pool-2-thread-1 ERROR <clinit> - <14>Jun  3 10:10:22 ćŻ process: |witfii:|0100860000002772|08:57:00:33:27:c5|Microsoft NCSI|http://www.msftncsi.com/ncsi.txt
2015-06-03 10:10:25,314 pool-2-thread-2 DEBUG <clinit> - 日志上报<14>Jun  3 10:10:22 ćŻ process: |witfii:|0100860000002772|08:57:00:33:27:c5|Microsoft NCSI|http://m.pifii.com/ifidc/pifii.html?mac=08:57:00:33:27:c5&routersn=0100860000002772
2015-06-03 10:10:25,326 pool-2-thread-1 DEBUG org.apache.mina.core.filterchain.IoFilterEvent - Event MESSAGE_RECEIVED has been fired for session 1
2015-06-03 10:10:25,365 pool-2-thread-2 ERROR <clinit> - <14>Jun  3 10:10:22 ćŻ process: |witfii:|0100860000002772|08:57:00:33:27:c5|Microsoft NCSI|http://m.pifii.com/ifidc/pifii.html?mac=08:57:00:33:27:c5&routersn=0100860000002772
2015-06-03 10:10:25,386 pool-2-thread-2 DEBUG org.apache.mina.core.filterchain.IoFilterEvent - Event MESSAGE_RECEIVED has been fired for session 1
2015-06-03 10:10:48,142 NioDatagramAcceptor-1 INFO org.apache.mina.filter.logging.LoggingFilter - RECEIVED: HeapBuffer[pos=0 lim=223 cap=4096: 3C 31 34 3E 4A 75 6E 20 20 33 20 31 30 3A 31 30...]
2015-06-03 10:10:48,194 NioDatagramAcceptor-1 DEBUG org.apache.mina.filter.codec.ProtocolCodecFilter - Processing a MESSAGE_RECEIVED for session 1
2015-06-03 10:10:48,246 pool-2-thread-2 DEBUG org.apache.mina.core.filterchain.IoFilterEvent - Firing a MESSAGE_RECEIVED event for session 1
2015-06-03 10:10:48,269 pool-2-thread-2 DEBUG <clinit> - 日志上报<14>Jun  3 10:10:45 ćŻ process: |witfii:|0100860000002772|08:57:00:33:27:c5|Mozilla/5.0 (Windows NT 6.1; WOW64) AppleWebKit/537.36 (KHTML, like Gecko) Chrome/31.0.1650.63 Safari/537.36|http://my.oschina.net/liting/blog
2015-06-03 10:10:48,380 pool-2-thread-2 ERROR <clinit> - <14>Jun  3 10:10:45 ćŻ process: |witfii:|0100860000002772|08:57:00:33:27:c5|Mozilla/5.0 (Windows NT 6.1; WOW64) AppleWebKit/537.36 (KHTML, like Gecko) Chrome/31.0.1650.63 Safari/537.36|http://my.oschina.net/liting/blog
2015-06-03 10:10:48,420 pool-2-thread-2 DEBUG org.apache.mina.core.filterchain.IoFilterEvent - Event MESSAGE_RECEIVED has been fired for session 1
2015-06-03 10:10:49,878 NioDatagramAcceptor-1 INFO org.apache.mina.filter.logging.LoggingFilter - RECEIVED: HeapBuffer[pos=0 lim=365 cap=4096: 3C 31 34 3E 4A 75 6E 20 20 33 20 31 30 3A 31 30...]
2015-06-03 10:10:49,927 NioDatagramAcceptor-1 DEBUG org.apache.mina.filter.codec.ProtocolCodecFilter - Processing a MESSAGE_RECEIVED for session 1
2015-06-03 10:10:49,948 pool-2-thread-2 DEBUG org.apache.mina.core.filterchain.IoFilterEvent - Firing a MESSAGE_RECEIVED event for session 1
2015-06-03 10:10:50,003 pool-2-thread-2 DEBUG <clinit> - 日志上报<14>Jun  3 10:10:46 ćŻ process: |witfii:|0100860000002772|08:57:00:33:27:c5|Mozilla/4.0 (compatible; MSIE 7.0; Windows NT 6.1; WOW64; Trident/4.0; SLCC2; .NET CLR 2.0.50727; .NET CLR 3.5.30729; .NET CLR 3.0.30729; Media Center PC 6.0; .NET4.0C; .NET4.0E)|http://auth.pifii.com:8090/pifii/portal/pc/auth?routersn=0100860000002772&mac=08:57:00:33:27:c5&8747a17cb
2015-06-03 10:10:50,048 pool-2-thread-2 ERROR <clinit> - <14>Jun  3 10:10:46 ćŻ process: |witfii:|0100860000002772|08:57:00:33:27:c5|Mozilla/4.0 (compatible; MSIE 7.0; Windows NT 6.1; WOW64; Trident/4.0; SLCC2; .NET CLR 2.0.50727; .NET CLR 3.5.30729; .NET CLR 3.0.30729; Media Center PC 6.0; .NET4.0C; .NET4.0E)|http://auth.pifii.com:8090/pifii/portal/pc/auth?routersn=0100860000002772&mac=08:57:00:33:27:c5&8747a17cb
2015-06-03 10:10:50,078 NioDatagramAcceptor-1 INFO org.apache.mina.filter.logging.LoggingFilter - RECEIVED: HeapBuffer[pos=0 lim=293 cap=4096: 3C 31 34 3E 4A 75 6E 20 20 33 20 31 30 3A 31 30...]
2015-06-03 10:10:50,086 pool-2-thread-2 DEBUG org.apache.mina.core.filterchain.IoFilterEvent - Event MESSAGE_RECEIVED has been fired for session 1
2015-06-03 10:10:50,119 NioDatagramAcceptor-1 DEBUG org.apache.mina.filter.codec.ProtocolCodecFilter - Processing a MESSAGE_RECEIVED for session 1
2015-06-03 10:10:50,193 pool-2-thread-2 DEBUG org.apache.mina.core.filterchain.IoFilterEvent - Firing a MESSAGE_RECEIVED event for session 1
2015-06-03 10:10:50,213 pool-2-thread-2 DEBUG <clinit> - 日志上报<14>Jun  3 10:10:47 ćŻ process: |witfii:|0100860000002772|08:57:00:33:27:c5|Mozilla/4.0 (compatible; MSIE 8.0; Windows NT 6.1; WOW64; Trident/4.0; SLCC2; .NET CLR 2.0.50727; .NET CLR 3.5.30729; .NET CLR 3.0.30729; Media Center PC 6.0; .NET4.0C; .NET4.0E)|http://auth.pifii.com/favicon.ico
2015-06-03 10:10:50,255 pool-2-thread-2 ERROR <clinit> - <14>Jun  3 10:10:47 ćŻ process: |witfii:|0100860000002772|08:57:00:33:27:c5|Mozilla/4.0 (compatible; MSIE 8.0; Windows NT 6.1; WOW64; Trident/4.0; SLCC2; .NET CLR 2.0.50727; .NET CLR 3.5.30729; .NET CLR 3.0.30729; Media Center PC 6.0; .NET4.0C; .NET4.0E)|http://auth.pifii.com/favicon.ico
2015-06-03 10:10:50,275 pool-2-thread-2 DEBUG org.apache.mina.core.filterchain.IoFilterEvent - Event MESSAGE_RECEIVED has been fired for session 1
2015-06-03 10:10:55,009 NioDatagramAcceptor-1 INFO org.apache.mina.filter.logging.LoggingFilter - RECEIVED: HeapBuffer[pos=0 lim=128 cap=4096: 3C 31 34 3E 4A 75 6E 20 20 33 20 31 30 3A 31 30...]
2015-06-03 10:10:55,059 NioDatagramAcceptor-1 DEBUG org.apache.mina.filter.codec.ProtocolCodecFilter - Processing a MESSAGE_RECEIVED for session 1
2015-06-03 10:10:55,088 pool-2-thread-2 DEBUG org.apache.mina.core.filterchain.IoFilterEvent - Firing a MESSAGE_RECEIVED event for session 1
2015-06-03 10:10:55,088 NioDatagramAcceptor-1 INFO org.apache.mina.filter.logging.LoggingFilter - RECEIVED: HeapBuffer[pos=0 lim=179 cap=4096: 3C 31 34 3E 4A 75 6E 20 20 33 20 31 30 3A 31 30...]
2015-06-03 10:10:55,118 NioDatagramAcceptor-1 DEBUG org.apache.mina.filter.codec.ProtocolCodecFilter - Processing a MESSAGE_RECEIVED for session 1
2015-06-03 10:10:55,131 pool-2-thread-2 DEBUG <clinit> - 日志上报<14>Jun  3 10:10:52 ćŻ process: |witfii:|0100860000002772|08:57:00:33:27:c5|Microsoft NCSI|http://www.msftncsi.com/ncsi.txt
2015-06-03 10:10:55,152 pool-2-thread-1 DEBUG org.apache.mina.core.filterchain.IoFilterEvent - Firing a MESSAGE_RECEIVED event for session 1
2015-06-03 10:10:55,186 pool-2-thread-1 DEBUG <clinit> - 日志上报<14>Jun  3 10:10:52 ćŻ process: |witfii:|0100860000002772|08:57:00:33:27:c5|Microsoft NCSI|http://m.pifii.com/ifidc/pifii.html?mac=08:57:00:33:27:c5&routersn=0100860000002772
2015-06-03 10:10:55,197 pool-2-thread-2 ERROR <clinit> - <14>Jun  3 10:10:52 ćŻ process: |witfii:|0100860000002772|08:57:00:33:27:c5|Microsoft NCSI|http://www.msftncsi.com/ncsi.txt
2015-06-03 10:10:55,232 pool-2-thread-2 DEBUG org.apache.mina.core.filterchain.IoFilterEvent - Event MESSAGE_RECEIVED has been fired for session 1
2015-06-03 10:10:55,253 pool-2-thread-1 ERROR <clinit> - <14>Jun  3 10:10:52 ćŻ process: |witfii:|0100860000002772|08:57:00:33:27:c5|Microsoft NCSI|http://m.pifii.com/ifidc/pifii.html?mac=08:57:00:33:27:c5&routersn=0100860000002772
2015-06-03 10:10:55,286 pool-2-thread-1 DEBUG org.apache.mina.core.filterchain.IoFilterEvent - Event MESSAGE_RECEIVED has been fired for session 1
2015-06-03 10:11:14,855 NioDatagramAcceptor-1 INFO org.apache.mina.filter.logging.LoggingFilter - RECEIVED: HeapBuffer[pos=0 lim=257 cap=4096: 3C 31 34 3E 4A 75 6E 20 20 33 20 31 30 3A 31 31...]
2015-06-03 10:11:15,109 NioDatagramAcceptor-1 DEBUG org.apache.mina.filter.codec.ProtocolCodecFilter - Processing a MESSAGE_RECEIVED for session 1
2015-06-03 10:11:15,157 pool-2-thread-1 DEBUG org.apache.mina.core.filterchain.IoFilterEvent - Firing a MESSAGE_RECEIVED event for session 1
2015-06-03 10:11:15,158 NioDatagramAcceptor-1 INFO org.apache.mina.filter.logging.LoggingFilter - RECEIVED: HeapBuffer[pos=0 lim=215 cap=4096: 3C 31 34 3E 4A 75 6E 20 20 33 20 31 30 3A 31 31...]
2015-06-03 10:11:15,186 NioDatagramAcceptor-1 DEBUG org.apache.mina.filter.codec.ProtocolCodecFilter - Processing a MESSAGE_RECEIVED for session 1
2015-06-03 10:11:15,199 pool-2-thread-1 DEBUG <clinit> - 日志上报<14>Jun  3 10:11:11 ćŻ process: |witfii:|0100860000002772|08:57:00:33:27:c5|Mozilla/4.0 (compatible; MSIE 6.0; Windows NT 5.1)|http://163.177.68.213/gchatpic_new/2049088787/2049088787-2377487805-9419B7EBDE5E7A31B1E2DC4C5494419A/0?vuin=1152695512&term=1
2015-06-03 10:11:15,220 pool-2-thread-2 DEBUG org.apache.mina.core.filterchain.IoFilterEvent - Firing a MESSAGE_RECEIVED event for session 1
2015-06-03 10:11:15,245 pool-2-thread-2 DEBUG <clinit> - 日志上报<14>Jun  3 10:11:11 ćŻ process: |witfii:|0100860000002772|08:57:00:33:27:c5|Mozilla/4.0 (compatible; MSIE 6.0; Windows NT 5.1)|http://m.pifii.com/ifidc/pifii.html?mac=08:57:00:33:27:c5&routersn=0100860000002772
2015-06-03 10:11:15,257 pool-2-thread-1 ERROR <clinit> - <14>Jun  3 10:11:11 ćŻ process: |witfii:|0100860000002772|08:57:00:33:27:c5|Mozilla/4.0 (compatible; MSIE 6.0; Windows NT 5.1)|http://163.177.68.213/gchatpic_new/2049088787/2049088787-2377487805-9419B7EBDE5E7A31B1E2DC4C5494419A/0?vuin=1152695512&term=1
2015-06-03 10:11:15,282 pool-2-thread-1 DEBUG org.apache.mina.core.filterchain.IoFilterEvent - Event MESSAGE_RECEIVED has been fired for session 1
2015-06-03 10:11:15,296 pool-2-thread-2 ERROR <clinit> - <14>Jun  3 10:11:11 ćŻ process: |witfii:|0100860000002772|08:57:00:33:27:c5|Mozilla/4.0 (compatible; MSIE 6.0; Windows NT 5.1)|http://m.pifii.com/ifidc/pifii.html?mac=08:57:00:33:27:c5&routersn=0100860000002772
2015-06-03 10:11:15,356 pool-2-thread-2 DEBUG org.apache.mina.core.filterchain.IoFilterEvent - Event MESSAGE_RECEIVED has been fired for session 1
2015-06-03 10:11:25,015 NioDatagramAcceptor-1 INFO org.apache.mina.filter.logging.LoggingFilter - RECEIVED: HeapBuffer[pos=0 lim=128 cap=4096: 3C 31 34 3E 4A 75 6E 20 20 33 20 31 30 3A 31 31...]
2015-06-03 10:11:25,249 NioDatagramAcceptor-1 DEBUG org.apache.mina.filter.codec.ProtocolCodecFilter - Processing a MESSAGE_RECEIVED for session 1
2015-06-03 10:11:25,321 pool-2-thread-2 DEBUG org.apache.mina.core.filterchain.IoFilterEvent - Firing a MESSAGE_RECEIVED event for session 1
2015-06-03 10:11:25,322 NioDatagramAcceptor-1 INFO org.apache.mina.filter.logging.LoggingFilter - RECEIVED: HeapBuffer[pos=0 lim=179 cap=4096: 3C 31 34 3E 4A 75 6E 20 20 33 20 31 30 3A 31 31...]
2015-06-03 10:11:25,392 NioDatagramAcceptor-1 DEBUG org.apache.mina.filter.codec.ProtocolCodecFilter - Processing a MESSAGE_RECEIVED for session 1
2015-06-03 10:11:25,404 pool-2-thread-2 DEBUG <clinit> - 日志上报<14>Jun  3 10:11:22 ćŻ process: |witfii:|0100860000002772|08:57:00:33:27:c5|Microsoft NCSI|http://www.msftncsi.com/ncsi.txt
2015-06-03 10:11:25,459 pool-2-thread-1 DEBUG org.apache.mina.core.filterchain.IoFilterEvent - Firing a MESSAGE_RECEIVED event for session 1
2015-06-03 10:11:25,493 pool-2-thread-1 DEBUG <clinit> - 日志上报<14>Jun  3 10:11:22 ćŻ process: |witfii:|0100860000002772|08:57:00:33:27:c5|Microsoft NCSI|http://m.pifii.com/ifidc/pifii.html?mac=08:57:00:33:27:c5&routersn=0100860000002772
2015-06-03 10:11:25,559 pool-2-thread-2 ERROR <clinit> - <14>Jun  3 10:11:22 ćŻ process: |witfii:|0100860000002772|08:57:00:33:27:c5|Microsoft NCSI|http://www.msftncsi.com/ncsi.txt
2015-06-03 10:11:25,614 pool-2-thread-2 DEBUG org.apache.mina.core.filterchain.IoFilterEvent - Event MESSAGE_RECEIVED has been fired for session 1
2015-06-03 10:11:25,627 pool-2-thread-1 ERROR <clinit> - <14>Jun  3 10:11:22 ćŻ process: |witfii:|0100860000002772|08:57:00:33:27:c5|Microsoft NCSI|http://m.pifii.com/ifidc/pifii.html?mac=08:57:00:33:27:c5&routersn=0100860000002772
2015-06-03 10:11:25,653 pool-2-thread-1 DEBUG org.apache.mina.core.filterchain.IoFilterEvent - Event MESSAGE_RECEIVED has been fired for session 1
2015-06-03 10:11:55,035 NioDatagramAcceptor-1 INFO org.apache.mina.filter.logging.LoggingFilter - RECEIVED: HeapBuffer[pos=0 lim=128 cap=4096: 3C 31 34 3E 4A 75 6E 20 20 33 20 31 30 3A 31 31...]
2015-06-03 10:11:55,096 NioDatagramAcceptor-1 DEBUG org.apache.mina.filter.codec.ProtocolCodecFilter - Processing a MESSAGE_RECEIVED for session 1
2015-06-03 10:11:55,160 pool-2-thread-1 DEBUG org.apache.mina.core.filterchain.IoFilterEvent - Firing a MESSAGE_RECEIVED event for session 1
2015-06-03 10:11:55,160 NioDatagramAcceptor-1 INFO org.apache.mina.filter.logging.LoggingFilter - RECEIVED: HeapBuffer[pos=0 lim=179 cap=4096: 3C 31 34 3E 4A 75 6E 20 20 33 20 31 30 3A 31 31...]
2015-06-03 10:11:55,188 NioDatagramAcceptor-1 DEBUG org.apache.mina.filter.codec.ProtocolCodecFilter - Processing a MESSAGE_RECEIVED for session 1
2015-06-03 10:11:55,202 pool-2-thread-1 DEBUG <clinit> - 日志上报<14>Jun  3 10:11:52 ćŻ process: |witfii:|0100860000002772|08:57:00:33:27:c5|Microsoft NCSI|http://www.msftncsi.com/ncsi.txt
2015-06-03 10:11:55,214 pool-2-thread-2 DEBUG org.apache.mina.core.filterchain.IoFilterEvent - Firing a MESSAGE_RECEIVED event for session 1
2015-06-03 10:11:55,248 pool-2-thread-2 DEBUG <clinit> - 日志上报<14>Jun  3 10:11:52 ćŻ process: |witfii:|0100860000002772|08:57:00:33:27:c5|Microsoft NCSI|http://m.pifii.com/ifidc/pifii.html?mac=08:57:00:33:27:c5&routersn=0100860000002772
2015-06-03 10:11:55,286 pool-2-thread-1 ERROR <clinit> - <14>Jun  3 10:11:52 ćŻ process: |witfii:|0100860000002772|08:57:00:33:27:c5|Microsoft NCSI|http://www.msftncsi.com/ncsi.txt
2015-06-03 10:11:55,313 pool-2-thread-1 DEBUG org.apache.mina.core.filterchain.IoFilterEvent - Event MESSAGE_RECEIVED has been fired for session 1
2015-06-03 10:11:55,351 pool-2-thread-2 ERROR <clinit> - <14>Jun  3 10:11:52 ćŻ process: |witfii:|0100860000002772|08:57:00:33:27:c5|Microsoft NCSI|http://m.pifii.com/ifidc/pifii.html?mac=08:57:00:33:27:c5&routersn=0100860000002772
2015-06-03 10:11:55,377 pool-2-thread-2 DEBUG org.apache.mina.core.filterchain.IoFilterEvent - Event MESSAGE_RECEIVED has been fired for session 1
2015-06-03 10:12:25,015 NioDatagramAcceptor-1 INFO org.apache.mina.filter.logging.LoggingFilter - RECEIVED: HeapBuffer[pos=0 lim=128 cap=4096: 3C 31 34 3E 4A 75 6E 20 20 33 20 31 30 3A 31 32...]
2015-06-03 10:12:25,069 NioDatagramAcceptor-1 DEBUG org.apache.mina.filter.codec.ProtocolCodecFilter - Processing a MESSAGE_RECEIVED for session 1
2015-06-03 10:12:25,098 pool-2-thread-2 DEBUG org.apache.mina.core.filterchain.IoFilterEvent - Firing a MESSAGE_RECEIVED event for session 1
2015-06-03 10:12:25,098 NioDatagramAcceptor-1 INFO org.apache.mina.filter.logging.LoggingFilter - RECEIVED: HeapBuffer[pos=0 lim=179 cap=4096: 3C 31 34 3E 4A 75 6E 20 20 33 20 31 30 3A 31 32...]
2015-06-03 10:12:25,119 pool-2-thread-2 DEBUG <clinit> - 日志上报<14>Jun  3 10:12:22 ćŻ process: |witfii:|0100860000002772|08:57:00:33:27:c5|Microsoft NCSI|http://www.msftncsi.com/ncsi.txt
2015-06-03 10:12:25,131 NioDatagramAcceptor-1 DEBUG org.apache.mina.filter.codec.ProtocolCodecFilter - Processing a MESSAGE_RECEIVED for session 1
2015-06-03 10:12:25,170 pool-2-thread-1 DEBUG org.apache.mina.core.filterchain.IoFilterEvent - Firing a MESSAGE_RECEIVED event for session 1
2015-06-03 10:12:25,195 pool-2-thread-1 DEBUG <clinit> - 日志上报<14>Jun  3 10:12:22 ćŻ process: |witfii:|0100860000002772|08:57:00:33:27:c5|Microsoft NCSI|http://m.pifii.com/ifidc/pifii.html?mac=08:57:00:33:27:c5&routersn=0100860000002772
2015-06-03 10:12:25,206 pool-2-thread-2 ERROR <clinit> - <14>Jun  3 10:12:22 ćŻ process: |witfii:|0100860000002772|08:57:00:33:27:c5|Microsoft NCSI|http://www.msftncsi.com/ncsi.txt
2015-06-03 10:12:25,232 pool-2-thread-2 DEBUG org.apache.mina.core.filterchain.IoFilterEvent - Event MESSAGE_RECEIVED has been fired for session 1
2015-06-03 10:12:25,244 pool-2-thread-1 ERROR <clinit> - <14>Jun  3 10:12:22 ćŻ process: |witfii:|0100860000002772|08:57:00:33:27:c5|Microsoft NCSI|http://m.pifii.com/ifidc/pifii.html?mac=08:57:00:33:27:c5&routersn=0100860000002772
2015-06-03 10:12:25,283 pool-2-thread-1 DEBUG org.apache.mina.core.filterchain.IoFilterEvent - Event MESSAGE_RECEIVED has been fired for session 1
2015-06-03 10:12:55,011 NioDatagramAcceptor-1 INFO org.apache.mina.filter.logging.LoggingFilter - RECEIVED: HeapBuffer[pos=0 lim=128 cap=4096: 3C 31 34 3E 4A 75 6E 20 20 33 20 31 30 3A 31 32...]
2015-06-03 10:12:55,067 NioDatagramAcceptor-1 DEBUG org.apache.mina.filter.codec.ProtocolCodecFilter - Processing a MESSAGE_RECEIVED for session 1
2015-06-03 10:12:55,087 pool-2-thread-1 DEBUG org.apache.mina.core.filterchain.IoFilterEvent - Firing a MESSAGE_RECEIVED event for session 1
2015-06-03 10:12:55,087 NioDatagramAcceptor-1 INFO org.apache.mina.filter.logging.LoggingFilter - RECEIVED: HeapBuffer[pos=0 lim=179 cap=4096: 3C 31 34 3E 4A 75 6E 20 20 33 20 31 30 3A 31 32...]
2015-06-03 10:12:55,134 NioDatagramAcceptor-1 DEBUG org.apache.mina.filter.codec.ProtocolCodecFilter - Processing a MESSAGE_RECEIVED for session 1
2015-06-03 10:12:55,146 pool-2-thread-1 DEBUG <clinit> - 日志上报<14>Jun  3 10:12:52 ćŻ process: |witfii:|0100860000002772|08:57:00:33:27:c5|Microsoft NCSI|http://www.msftncsi.com/ncsi.txt
2015-06-03 10:12:55,166 pool-2-thread-2 DEBUG org.apache.mina.core.filterchain.IoFilterEvent - Firing a MESSAGE_RECEIVED event for session 1
2015-06-03 10:12:55,191 pool-2-thread-2 DEBUG <clinit> - 日志上报<14>Jun  3 10:12:52 ćŻ process: |witfii:|0100860000002772|08:57:00:33:27:c5|Microsoft NCSI|http://m.pifii.com/ifidc/pifii.html?mac=08:57:00:33:27:c5&routersn=0100860000002772
2015-06-03 10:12:55,204 pool-2-thread-1 ERROR <clinit> - <14>Jun  3 10:12:52 ćŻ process: |witfii:|0100860000002772|08:57:00:33:27:c5|Microsoft NCSI|http://www.msftncsi.com/ncsi.txt
2015-06-03 10:12:55,272 pool-2-thread-1 DEBUG org.apache.mina.core.filterchain.IoFilterEvent - Event MESSAGE_RECEIVED has been fired for session 1
2015-06-03 10:12:55,283 pool-2-thread-2 ERROR <clinit> - <14>Jun  3 10:12:52 ćŻ process: |witfii:|0100860000002772|08:57:00:33:27:c5|Microsoft NCSI|http://m.pifii.com/ifidc/pifii.html?mac=08:57:00:33:27:c5&routersn=0100860000002772
2015-06-03 10:12:55,359 pool-2-thread-2 DEBUG org.apache.mina.core.filterchain.IoFilterEvent - Event MESSAGE_RECEIVED has been fired for session 1
2015-06-03 10:13:24,118 NioDatagramAcceptor-1 INFO org.apache.mina.filter.logging.LoggingFilter - RECEIVED: HeapBuffer[pos=0 lim=1054 cap=4096: 3C 31 34 3E 4A 75 6E 20 20 33 20 31 30 3A 31 33...]
2015-06-03 10:13:24,176 NioDatagramAcceptor-1 DEBUG org.apache.mina.filter.codec.ProtocolCodecFilter - Processing a MESSAGE_RECEIVED for session 1
2015-06-03 10:13:24,273 pool-2-thread-2 DEBUG org.apache.mina.core.filterchain.IoFilterEvent - Firing a EXCEPTION_CAUGHT event for session 1
2015-06-03 10:13:24,310 pool-2-thread-2 INFO org.apache.mina.filter.logging.LoggingFilter - CLOSED
2015-06-03 10:13:24,338 pool-2-thread-2 DEBUG org.apache.mina.core.filterchain.IoFilterEvent - Event EXCEPTION_CAUGHT has been fired for session 1
2015-06-03 10:13:24,338 pool-2-thread-1 DEBUG org.apache.mina.core.filterchain.IoFilterEvent - Firing a SESSION_CLOSED event for session 1
2015-06-03 10:13:24,407 pool-2-thread-1 DEBUG org.apache.mina.core.filterchain.IoFilterEvent - Event SESSION_CLOSED has been fired for session 1
2015-06-03 10:13:25,021 NioDatagramAcceptor-1 INFO org.apache.mina.filter.logging.LoggingFilter - CREATED
2015-06-03 10:13:25,071 NioDatagramAcceptor-1 INFO org.apache.mina.filter.logging.LoggingFilter - OPENED
2015-06-03 10:13:25,101 pool-2-thread-1 DEBUG org.apache.mina.core.filterchain.IoFilterEvent - Firing a SESSION_OPENED event for session 2
2015-06-03 10:13:25,101 NioDatagramAcceptor-1 INFO org.apache.mina.filter.logging.LoggingFilter - RECEIVED: HeapBuffer[pos=0 lim=128 cap=4096: 3C 31 34 3E 4A 75 6E 20 20 33 20 31 30 3A 31 33...]
2015-06-03 10:13:25,138 pool-2-thread-1 DEBUG org.apache.mina.core.filterchain.IoFilterEvent - Event SESSION_OPENED has been fired for session 2
2015-06-03 10:13:25,152 NioDatagramAcceptor-1 DEBUG org.apache.mina.filter.codec.ProtocolCodecFilter - Processing a MESSAGE_RECEIVED for session 2
2015-06-03 10:13:25,184 pool-2-thread-1 DEBUG org.apache.mina.core.filterchain.IoFilterEvent - Firing a MESSAGE_RECEIVED event for session 2
2015-06-03 10:13:25,184 NioDatagramAcceptor-1 INFO org.apache.mina.filter.logging.LoggingFilter - RECEIVED: HeapBuffer[pos=0 lim=179 cap=4096: 3C 31 34 3E 4A 75 6E 20 20 33 20 31 30 3A 31 33...]
2015-06-03 10:13:25,204 NioDatagramAcceptor-1 DEBUG org.apache.mina.filter.codec.ProtocolCodecFilter - Processing a MESSAGE_RECEIVED for session 2
2015-06-03 10:13:25,218 pool-2-thread-1 DEBUG <clinit> - 日志上报<14>Jun  3 10:13:22 ćŻ process: |witfii:|0100860000002772|08:57:00:33:27:c5|Microsoft NCSI|http://www.msftncsi.com/ncsi.txt
2015-06-03 10:13:25,230 pool-2-thread-2 DEBUG org.apache.mina.core.filterchain.IoFilterEvent - Firing a MESSAGE_RECEIVED event for session 2
2015-06-03 10:13:25,255 pool-2-thread-2 DEBUG <clinit> - 日志上报<14>Jun  3 10:13:22 ćŻ process: |witfii:|0100860000002772|08:57:00:33:27:c5|Microsoft NCSI|http://m.pifii.com/ifidc/pifii.html?mac=08:57:00:33:27:c5&routersn=0100860000002772
2015-06-03 10:13:25,267 pool-2-thread-1 ERROR <clinit> - <14>Jun  3 10:13:22 ćŻ process: |witfii:|0100860000002772|08:57:00:33:27:c5|Microsoft NCSI|http://www.msftncsi.com/ncsi.txt
2015-06-03 10:13:25,293 pool-2-thread-1 DEBUG org.apache.mina.core.filterchain.IoFilterEvent - Event MESSAGE_RECEIVED has been fired for session 2
2015-06-03 10:13:25,305 pool-2-thread-2 ERROR <clinit> - <14>Jun  3 10:13:22 ćŻ process: |witfii:|0100860000002772|08:57:00:33:27:c5|Microsoft NCSI|http://m.pifii.com/ifidc/pifii.html?mac=08:57:00:33:27:c5&routersn=0100860000002772
2015-06-03 10:13:25,331 pool-2-thread-2 DEBUG org.apache.mina.core.filterchain.IoFilterEvent - Event MESSAGE_RECEIVED has been fired for session 2
2015-06-03 10:13:46,636 NioDatagramAcceptor-1 INFO org.apache.mina.filter.logging.LoggingFilter - RECEIVED: HeapBuffer[pos=0 lim=257 cap=4096: 3C 31 34 3E 4A 75 6E 20 20 33 20 31 30 3A 31 33...]
2015-06-03 10:13:46,684 NioDatagramAcceptor-1 DEBUG org.apache.mina.filter.codec.ProtocolCodecFilter - Processing a MESSAGE_RECEIVED for session 2
2015-06-03 10:13:46,714 pool-2-thread-2 DEBUG org.apache.mina.core.filterchain.IoFilterEvent - Firing a MESSAGE_RECEIVED event for session 2
2015-06-03 10:13:46,714 NioDatagramAcceptor-1 INFO org.apache.mina.filter.logging.LoggingFilter - RECEIVED: HeapBuffer[pos=0 lim=215 cap=4096: 3C 31 34 3E 4A 75 6E 20 20 33 20 31 30 3A 31 33...]
2015-06-03 10:13:46,747 pool-2-thread-2 DEBUG <clinit> - 日志上报<14>Jun  3 10:13:43 ćŻ process: |witfii:|0100860000002772|08:57:00:33:27:c5|Mozilla/4.0 (compatible; MSIE 6.0; Windows NT 5.1)|http://163.177.83.179/gchatpic_new/2601234744/2601234744-2563073692-B43B5F149B29927A22B5C4CA44C18A7A/0?vuin=1152695512&term=1
2015-06-03 10:13:46,785 NioDatagramAcceptor-1 DEBUG org.apache.mina.filter.codec.ProtocolCodecFilter - Processing a MESSAGE_RECEIVED for session 2
2015-06-03 10:13:46,839 pool-2-thread-1 DEBUG org.apache.mina.core.filterchain.IoFilterEvent - Firing a MESSAGE_RECEIVED event for session 2
2015-06-03 10:13:46,885 pool-2-thread-1 DEBUG <clinit> - 日志上报<14>Jun  3 10:13:43 ćŻ process: |witfii:|0100860000002772|08:57:00:33:27:c5|Mozilla/4.0 (compatible; MSIE 6.0; Windows NT 5.1)|http://m.pifii.com/ifidc/pifii.html?mac=08:57:00:33:27:c5&routersn=0100860000002772
2015-06-03 10:13:46,897 pool-2-thread-2 ERROR <clinit> - <14>Jun  3 10:13:43 ćŻ process: |witfii:|0100860000002772|08:57:00:33:27:c5|Mozilla/4.0 (compatible; MSIE 6.0; Windows NT 5.1)|http://163.177.83.179/gchatpic_new/2601234744/2601234744-2563073692-B43B5F149B29927A22B5C4CA44C18A7A/0?vuin=1152695512&term=1
2015-06-03 10:13:46,936 pool-2-thread-2 DEBUG org.apache.mina.core.filterchain.IoFilterEvent - Event MESSAGE_RECEIVED has been fired for session 2
2015-06-03 10:13:46,947 pool-2-thread-1 ERROR <clinit> - <14>Jun  3 10:13:43 ćŻ process: |witfii:|0100860000002772|08:57:00:33:27:c5|Mozilla/4.0 (compatible; MSIE 6.0; Windows NT 5.1)|http://m.pifii.com/ifidc/pifii.html?mac=08:57:00:33:27:c5&routersn=0100860000002772
2015-06-03 10:13:46,973 pool-2-thread-1 DEBUG org.apache.mina.core.filterchain.IoFilterEvent - Event MESSAGE_RECEIVED has been fired for session 2
2015-06-03 10:13:48,420 NioDatagramAcceptor-1 INFO org.apache.mina.filter.logging.LoggingFilter - RECEIVED: HeapBuffer[pos=0 lim=176 cap=4096: 3C 31 34 3E 4A 75 6E 20 20 33 20 31 30 3A 31 33...]
2015-06-03 10:13:48,452 NioDatagramAcceptor-1 DEBUG org.apache.mina.filter.codec.ProtocolCodecFilter - Processing a MESSAGE_RECEIVED for session 2
2015-06-03 10:13:48,524 NioDatagramAcceptor-1 INFO org.apache.mina.filter.logging.LoggingFilter - RECEIVED: HeapBuffer[pos=0 lim=215 cap=4096: 3C 31 34 3E 4A 75 6E 20 20 33 20 31 30 3A 31 33...]
2015-06-03 10:13:48,524 pool-2-thread-1 DEBUG org.apache.mina.core.filterchain.IoFilterEvent - Firing a MESSAGE_RECEIVED event for session 2
2015-06-03 10:13:48,543 pool-2-thread-1 DEBUG <clinit> - 日志上报<14>Jun  3 10:13:45 ćŻ process: |witfii:|0100860000002772|08:57:00:33:27:c5|Mozilla/4.0 (compatible; MSIE 6.0; Windows NT 5.1)|http://p.qlogo.cn/gh/277196980/277196980/41"
2015-06-03 10:13:48,606 NioDatagramAcceptor-1 DEBUG org.apache.mina.filter.codec.ProtocolCodecFilter - Processing a MESSAGE_RECEIVED for session 2
2015-06-03 10:13:48,631 pool-2-thread-2 DEBUG org.apache.mina.core.filterchain.IoFilterEvent - Firing a MESSAGE_RECEIVED event for session 2
2015-06-03 10:13:48,631 NioDatagramAcceptor-1 INFO org.apache.mina.filter.logging.LoggingFilter - RECEIVED: HeapBuffer[pos=0 lim=176 cap=4096: 3C 31 34 3E 4A 75 6E 20 20 33 20 31 30 3A 31 33...]
2015-06-03 10:13:48,643 pool-2-thread-1 ERROR <clinit> - <14>Jun  3 10:13:45 ćŻ process: |witfii:|0100860000002772|08:57:00:33:27:c5|Mozilla/4.0 (compatible; MSIE 6.0; Windows NT 5.1)|http://p.qlogo.cn/gh/277196980/277196980/41"
2015-06-03 10:13:48,730 NioDatagramAcceptor-1 DEBUG org.apache.mina.filter.codec.ProtocolCodecFilter - Processing a MESSAGE_RECEIVED for session 2
2015-06-03 10:13:48,761 pool-2-thread-1 DEBUG org.apache.mina.core.filterchain.IoFilterEvent - Event MESSAGE_RECEIVED has been fired for session 2
2015-06-03 10:13:48,761 pool-2-thread-2 DEBUG <clinit> - 日志上报<14>Jun  3 10:13:45 ćŻ process: |witfii:|0100860000002772|08:57:00:33:27:c5|Mozilla/4.0 (compatible; MSIE 6.0; Windows NT 5.1)|http://m.pifii.com/ifidc/pifii.html?mac=08:57:00:33:27:c5&routersn=0100860000002772
2015-06-03 10:13:48,773 NioDatagramAcceptor-1 INFO org.apache.mina.filter.logging.LoggingFilter - RECEIVED: HeapBuffer[pos=0 lim=215 cap=4096: 3C 31 34 3E 4A 75 6E 20 20 33 20 31 30 3A 31 33...]
2015-06-03 10:13:48,773 pool-2-thread-3 DEBUG org.apache.mina.core.filterchain.IoFilterEvent - Firing a MESSAGE_RECEIVED event for session 2
2015-06-03 10:13:48,798 NioDatagramAcceptor-1 DEBUG org.apache.mina.filter.codec.ProtocolCodecFilter - Processing a MESSAGE_RECEIVED for session 2
2015-06-03 10:13:48,798 pool-2-thread-3 DEBUG <clinit> - 日志上报<14>Jun  3 10:13:45 ćŻ process: |witfii:|0100860000002772|08:57:00:33:27:c5|Mozilla/4.0 (compatible; MSIE 6.0; Windows NT 5.1)|http://p.qlogo.cn/gh/277196980/277196980/41"
2015-06-03 10:13:48,810 pool-2-thread-2 ERROR <clinit> - <14>Jun  3 10:13:45 ćŻ process: |witfii:|0100860000002772|08:57:00:33:27:c5|Mozilla/4.0 (compatible; MSIE 6.0; Windows NT 5.1)|http://m.pifii.com/ifidc/pifii.html?mac=08:57:00:33:27:c5&routersn=0100860000002772
2015-06-03 10:13:48,824 pool-2-thread-1 DEBUG org.apache.mina.core.filterchain.IoFilterEvent - Firing a MESSAGE_RECEIVED event for session 2
2015-06-03 10:13:48,824 NioDatagramAcceptor-1 INFO org.apache.mina.filter.logging.LoggingFilter - RECEIVED: HeapBuffer[pos=0 lim=176 cap=4096: 3C 31 34 3E 4A 75 6E 20 20 33 20 31 30 3A 31 33...]
2015-06-03 10:13:48,836 pool-2-thread-2 DEBUG org.apache.mina.core.filterchain.IoFilterEvent - Event MESSAGE_RECEIVED has been fired for session 2
2015-06-03 10:13:48,849 pool-2-thread-1 DEBUG <clinit> - 日志上报<14>Jun  3 10:13:45 ćŻ process: |witfii:|0100860000002772|08:57:00:33:27:c5|Mozilla/4.0 (compatible; MSIE 6.0; Windows NT 5.1)|http://m.pifii.com/ifidc/pifii.html?mac=08:57:00:33:27:c5&routersn=0100860000002772
2015-06-03 10:13:48,849 NioDatagramAcceptor-1 DEBUG org.apache.mina.filter.codec.ProtocolCodecFilter - Processing a MESSAGE_RECEIVED for session 2
2015-06-03 10:13:48,894 pool-2-thread-3 ERROR <clinit> - <14>Jun  3 10:13:45 ćŻ process: |witfii:|0100860000002772|08:57:00:33:27:c5|Mozilla/4.0 (compatible; MSIE 6.0; Windows NT 5.1)|http://p.qlogo.cn/gh/277196980/277196980/41"
2015-06-03 10:13:48,911 pool-2-thread-2 DEBUG org.apache.mina.core.filterchain.IoFilterEvent - Firing a MESSAGE_RECEIVED event for session 2
2015-06-03 10:13:48,911 NioDatagramAcceptor-1 INFO org.apache.mina.filter.logging.LoggingFilter - RECEIVED: HeapBuffer[pos=0 lim=215 cap=4096: 3C 31 34 3E 4A 75 6E 20 20 33 20 31 30 3A 31 33...]
2015-06-03 10:13:48,922 pool-2-thread-3 DEBUG org.apache.mina.core.filterchain.IoFilterEvent - Event MESSAGE_RECEIVED has been fired for session 2
2015-06-03 10:13:48,935 NioDatagramAcceptor-1 DEBUG org.apache.mina.filter.codec.ProtocolCodecFilter - Processing a MESSAGE_RECEIVED for session 2
2015-06-03 10:13:48,948 pool-2-thread-2 DEBUG <clinit> - 日志上报<14>Jun  3 10:13:45 ćŻ process: |witfii:|0100860000002772|08:57:00:33:27:c5|Mozilla/4.0 (compatible; MSIE 6.0; Windows NT 5.1)|http://p.qlogo.cn/gh/277196980/277196980/41"
2015-06-03 10:13:48,994 pool-2-thread-1 ERROR <clinit> - <14>Jun  3 10:13:45 ćŻ process: |witfii:|0100860000002772|08:57:00:33:27:c5|Mozilla/4.0 (compatible; MSIE 6.0; Windows NT 5.1)|http://m.pifii.com/ifidc/pifii.html?mac=08:57:00:33:27:c5&routersn=0100860000002772
2015-06-03 10:13:49,009 pool-2-thread-3 DEBUG org.apache.mina.core.filterchain.IoFilterEvent - Firing a MESSAGE_RECEIVED event for session 2
2015-06-03 10:13:49,010 NioDatagramAcceptor-1 INFO org.apache.mina.filter.logging.LoggingFilter - RECEIVED: HeapBuffer[pos=0 lim=176 cap=4096: 3C 31 34 3E 4A 75 6E 20 20 33 20 31 30 3A 31 33...]
2015-06-03 10:13:49,027 pool-2-thread-1 DEBUG org.apache.mina.core.filterchain.IoFilterEvent - Event MESSAGE_RECEIVED has been fired for session 2
2015-06-03 10:13:49,040 pool-2-thread-2 ERROR <clinit> - <14>Jun  3 10:13:45 ćŻ process: |witfii:|0100860000002772|08:57:00:33:27:c5|Mozilla/4.0 (compatible; MSIE 6.0; Windows NT 5.1)|http://p.qlogo.cn/gh/277196980/277196980/41"
2015-06-03 10:13:49,086 pool-2-thread-3 DEBUG <clinit> - 日志上报<14>Jun  3 10:13:45 ćŻ process: |witfii:|0100860000002772|08:57:00:33:27:c5|Mozilla/4.0 (compatible; MSIE 6.0; Windows NT 5.1)|http://m.pifii.com/ifidc/pifii.html?mac=08:57:00:33:27:c5&routersn=0100860000002772
2015-06-03 10:13:49,099 NioDatagramAcceptor-1 DEBUG org.apache.mina.filter.codec.ProtocolCodecFilter - Processing a MESSAGE_RECEIVED for session 2
2015-06-03 10:13:49,099 pool-2-thread-2 DEBUG org.apache.mina.core.filterchain.IoFilterEvent - Event MESSAGE_RECEIVED has been fired for session 2
2015-06-03 10:13:49,125 pool-2-thread-1 DEBUG org.apache.mina.core.filterchain.IoFilterEvent - Firing a MESSAGE_RECEIVED event for session 2
2015-06-03 10:13:49,125 NioDatagramAcceptor-1 INFO org.apache.mina.filter.logging.LoggingFilter - RECEIVED: HeapBuffer[pos=0 lim=215 cap=4096: 3C 31 34 3E 4A 75 6E 20 20 33 20 31 30 3A 31 33...]
2015-06-03 10:13:49,150 pool-2-thread-3 ERROR <clinit> - <14>Jun  3 10:13:45 ćŻ process: |witfii:|0100860000002772|08:57:00:33:27:c5|Mozilla/4.0 (compatible; MSIE 6.0; Windows NT 5.1)|http://m.pifii.com/ifidc/pifii.html?mac=08:57:00:33:27:c5&routersn=0100860000002772
2015-06-03 10:13:49,201 NioDatagramAcceptor-1 DEBUG org.apache.mina.filter.codec.ProtocolCodecFilter - Processing a MESSAGE_RECEIVED for session 2
2015-06-03 10:13:49,237 pool-2-thread-1 DEBUG <clinit> - 日志上报<14>Jun  3 10:13:45 ćŻ process: |witfii:|0100860000002772|08:57:00:33:27:c5|Mozilla/4.0 (compatible; MSIE 6.0; Windows NT 5.1)|http://p.qlogo.cn/gh/277196980/277196980/41"
2015-06-03 10:13:49,238 pool-2-thread-3 DEBUG org.apache.mina.core.filterchain.IoFilterEvent - Event MESSAGE_RECEIVED has been fired for session 2
2015-06-03 10:13:49,251 pool-2-thread-2 DEBUG org.apache.mina.core.filterchain.IoFilterEvent - Firing a MESSAGE_RECEIVED event for session 2
2015-06-03 10:13:49,308 pool-2-thread-1 ERROR <clinit> - <14>Jun  3 10:13:45 ćŻ process: |witfii:|0100860000002772|08:57:00:33:27:c5|Mozilla/4.0 (compatible; MSIE 6.0; Windows NT 5.1)|http://p.qlogo.cn/gh/277196980/277196980/41"
2015-06-03 10:13:49,331 pool-2-thread-2 DEBUG <clinit> - 日志上报<14>Jun  3 10:13:45 ćŻ process: |witfii:|0100860000002772|08:57:00:33:27:c5|Mozilla/4.0 (compatible; MSIE 6.0; Windows NT 5.1)|http://m.pifii.com/ifidc/pifii.html?mac=08:57:00:33:27:c5&routersn=0100860000002772
2015-06-03 10:13:49,343 pool-2-thread-1 DEBUG org.apache.mina.core.filterchain.IoFilterEvent - Event MESSAGE_RECEIVED has been fired for session 2
2015-06-03 10:13:49,381 pool-2-thread-2 ERROR <clinit> - <14>Jun  3 10:13:45 ćŻ process: |witfii:|0100860000002772|08:57:00:33:27:c5|Mozilla/4.0 (compatible; MSIE 6.0; Windows NT 5.1)|http://m.pifii.com/ifidc/pifii.html?mac=08:57:00:33:27:c5&routersn=0100860000002772
2015-06-03 10:13:49,402 pool-2-thread-2 DEBUG org.apache.mina.core.filterchain.IoFilterEvent - Event MESSAGE_RECEIVED has been fired for session 2
2015-06-03 10:13:55,008 NioDatagramAcceptor-1 INFO org.apache.mina.filter.logging.LoggingFilter - RECEIVED: HeapBuffer[pos=0 lim=128 cap=4096: 3C 31 34 3E 4A 75 6E 20 20 33 20 31 30 3A 31 33...]
2015-06-03 10:13:55,244 NioDatagramAcceptor-1 DEBUG org.apache.mina.filter.codec.ProtocolCodecFilter - Processing a MESSAGE_RECEIVED for session 2
2015-06-03 10:13:55,305 pool-2-thread-2 DEBUG org.apache.mina.core.filterchain.IoFilterEvent - Firing a MESSAGE_RECEIVED event for session 2
2015-06-03 10:13:55,305 NioDatagramAcceptor-1 INFO org.apache.mina.filter.logging.LoggingFilter - RECEIVED: HeapBuffer[pos=0 lim=179 cap=4096: 3C 31 34 3E 4A 75 6E 20 20 33 20 31 30 3A 31 33...]
2015-06-03 10:13:55,377 pool-2-thread-2 DEBUG <clinit> - 日志上报<14>Jun  3 10:13:52 ćŻ process: |witfii:|0100860000002772|08:57:00:33:27:c5|Microsoft NCSI|http://www.msftncsi.com/ncsi.txt
2015-06-03 10:13:55,443 NioDatagramAcceptor-1 DEBUG org.apache.mina.filter.codec.ProtocolCodecFilter - Processing a MESSAGE_RECEIVED for session 2
2015-06-03 10:13:55,456 pool-2-thread-2 ERROR <clinit> - <14>Jun  3 10:13:52 ćŻ process: |witfii:|0100860000002772|08:57:00:33:27:c5|Microsoft NCSI|http://www.msftncsi.com/ncsi.txt
2015-06-03 10:13:55,477 pool-2-thread-1 DEBUG org.apache.mina.core.filterchain.IoFilterEvent - Firing a MESSAGE_RECEIVED event for session 2
2015-06-03 10:13:55,490 pool-2-thread-2 DEBUG org.apache.mina.core.filterchain.IoFilterEvent - Event MESSAGE_RECEIVED has been fired for session 2
2015-06-03 10:13:55,544 pool-2-thread-1 DEBUG <clinit> - 日志上报<14>Jun  3 10:13:52 ćŻ process: |witfii:|0100860000002772|08:57:00:33:27:c5|Microsoft NCSI|http://m.pifii.com/ifidc/pifii.html?mac=08:57:00:33:27:c5&routersn=0100860000002772
2015-06-03 10:13:55,624 pool-2-thread-1 ERROR <clinit> - <14>Jun  3 10:13:52 ćŻ process: |witfii:|0100860000002772|08:57:00:33:27:c5|Microsoft NCSI|http://m.pifii.com/ifidc/pifii.html?mac=08:57:00:33:27:c5&routersn=0100860000002772
2015-06-03 10:13:55,645 pool-2-thread-1 DEBUG org.apache.mina.core.filterchain.IoFilterEvent - Event MESSAGE_RECEIVED has been fired for session 2
2015-06-03 10:14:25,006 NioDatagramAcceptor-1 INFO org.apache.mina.filter.logging.LoggingFilter - RECEIVED: HeapBuffer[pos=0 lim=128 cap=4096: 3C 31 34 3E 4A 75 6E 20 20 33 20 31 30 3A 31 34...]
2015-06-03 10:14:25,112 NioDatagramAcceptor-1 DEBUG org.apache.mina.filter.codec.ProtocolCodecFilter - Processing a MESSAGE_RECEIVED for session 2
2015-06-03 10:14:25,140 pool-2-thread-1 DEBUG org.apache.mina.core.filterchain.IoFilterEvent - Firing a MESSAGE_RECEIVED event for session 2
2015-06-03 10:14:25,140 NioDatagramAcceptor-1 INFO org.apache.mina.filter.logging.LoggingFilter - RECEIVED: HeapBuffer[pos=0 lim=179 cap=4096: 3C 31 34 3E 4A 75 6E 20 20 33 20 31 30 3A 31 34...]
2015-06-03 10:14:25,160 NioDatagramAcceptor-1 DEBUG org.apache.mina.filter.codec.ProtocolCodecFilter - Processing a MESSAGE_RECEIVED for session 2
2015-06-03 10:14:25,174 pool-2-thread-1 DEBUG <clinit> - 日志上报<14>Jun  3 10:14:22 ćŻ process: |witfii:|0100860000002772|08:57:00:33:27:c5|Microsoft NCSI|http://www.msftncsi.com/ncsi.txt
2015-06-03 10:14:25,186 pool-2-thread-2 DEBUG org.apache.mina.core.filterchain.IoFilterEvent - Firing a MESSAGE_RECEIVED event for session 2
2015-06-03 10:14:25,211 pool-2-thread-2 DEBUG <clinit> - 日志上报<14>Jun  3 10:14:22 ćŻ process: |witfii:|0100860000002772|08:57:00:33:27:c5|Microsoft NCSI|http://m.pifii.com/ifidc/pifii.html?mac=08:57:00:33:27:c5&routersn=0100860000002772
2015-06-03 10:14:25,224 pool-2-thread-1 ERROR <clinit> - <14>Jun  3 10:14:22 ćŻ process: |witfii:|0100860000002772|08:57:00:33:27:c5|Microsoft NCSI|http://www.msftncsi.com/ncsi.txt
2015-06-03 10:14:25,250 pool-2-thread-1 DEBUG org.apache.mina.core.filterchain.IoFilterEvent - Event MESSAGE_RECEIVED has been fired for session 2
2015-06-03 10:14:25,262 pool-2-thread-2 ERROR <clinit> - <14>Jun  3 10:14:22 ćŻ process: |witfii:|0100860000002772|08:57:00:33:27:c5|Microsoft NCSI|http://m.pifii.com/ifidc/pifii.html?mac=08:57:00:33:27:c5&routersn=0100860000002772
2015-06-03 10:14:25,332 pool-2-thread-2 DEBUG org.apache.mina.core.filterchain.IoFilterEvent - Event MESSAGE_RECEIVED has been fired for session 2
2015-06-03 10:14:40,557 pool-2-thread-1 ERROR <clinit> - <14>Jun  3 10:14:37 ćŻ process: |witfii:|0100860000002772|08:57:00:33:27:c5|Mozilla/5.0 (Windows NT 6.1; WOW64) AppleWebKit/537.36 (KHTML, like Gecko) Chrome/31.0.1650.63 Safari/537.36|http://my.oschina.net/liting/blog
2015-06-03 10:14:42,764 pool-2-thread-1 ERROR <clinit> - <14>Jun  3 10:14:39 ćŻ process: |witfii:|0100860000002772|08:57:00:33:27:c5|Mozilla/5.0 (Windows NT 6.1; WOW64) AppleWebKit/537.36 (KHTML, like Gecko) Chrome/31.0.1650.63 Safari/537.36|http://my.oschina.net/liting/blog
2015-06-03 10:14:44,804 pool-2-thread-1 ERROR <clinit> - <14>Jun  3 10:14:41 ćŻ process: |witfii:|0100860000002772|08:57:00:33:27:c5|Mozilla/4.0 (compatible; MSIE 7.0; Windows NT 6.1; WOW64; Trident/4.0; SLCC2; .NET CLR 2.0.50727; .NET CLR 3.5.30729; .NET CLR 3.0.30729; Media Center PC 6.0; .NET4.0C; .NET4.0E)|http://auth.pifii.com:8090/pifii/portal/pc/auth?routersn=0100860000002772&mac=08:57:00:33:27:c5&035990ba6
2015-06-03 10:14:44,834 pool-2-thread-2 ERROR <clinit> - <14>Jun  3 10:14:41 ćŻ process: |witfii:|0100860000002772|08:57:00:33:27:c5|Mozilla/4.0 (compatible; MSIE 8.0; Windows NT 6.1; WOW64; Trident/4.0; SLCC2; .NET CLR 2.0.50727; .NET CLR 3.5.30729; .NET CLR 3.0.30729; Media Center PC 6.0; .NET4.0C; .NET4.0E)|http://auth.pifii.com/favicon.ico
2015-06-03 10:14:55,062 pool-2-thread-2 ERROR <clinit> - <14>Jun  3 10:14:52 ćŻ process: |witfii:|0100860000002772|08:57:00:33:27:c5|Microsoft NCSI|http://www.msftncsi.com/ncsi.txt
2015-06-03 10:14:55,146 pool-2-thread-2 ERROR <clinit> - <14>Jun  3 10:14:52 ćŻ process: |witfii:|0100860000002772|08:57:00:33:27:c5|Microsoft NCSI|http://m.pifii.com/ifidc/pifii.html?mac=08:57:00:33:27:c5&routersn=0100860000002772
2015-06-03 10:15:20,911 pool-2-thread-2 ERROR <clinit> - <14>Jun  3 10:15:17 ćŻ process: |witfii:|0100860000002772|08:57:00:33:27:c5|Mozilla/5.0 (Windows NT 6.1; WOW64) AppleWebKit/537.36 (KHTML, like Gecko) Chrome/31.0.1650.63 Safari/537.36|http://my.oschina.net/liting/blog
2015-06-03 10:15:22,192 pool-2-thread-2 ERROR <clinit> - <14>Jun  3 10:15:19 ćŻ process: |witfii:|0100860000002772|08:57:00:33:27:c5|Mozilla/5.0 (Windows NT 6.1; WOW64) AppleWebKit/537.36 (KHTML, like Gecko) Chrome/31.0.1650.63 Safari/537.36|http://my.oschina.net/liting/blog
2015-06-03 10:15:22,544 pool-2-thread-2 ERROR <clinit> - <14>Jun  3 10:15:19 ćŻ process: |witfii:|0100860000002772|08:57:00:33:27:c5|Mozilla/4.0 (compatible; MSIE 7.0; Windows NT 6.1; WOW64; Trident/4.0; SLCC2; .NET CLR 2.0.50727; .NET CLR 3.5.30729; .NET CLR 3.0.30729; Media Center PC 6.0; .NET4.0C; .NET4.0E)|http://auth.pifii.com:8090/pifii/portal/pc/auth?routersn=0100860000002772&mac=08:57:00:33:27:c5&8f92b1b23
2015-06-03 10:15:22,778 pool-2-thread-2 ERROR <clinit> - <14>Jun  3 10:15:19 ćŻ process: |witfii:|0100860000002772|08:57:00:33:27:c5|Mozilla/4.0 (compatible; MSIE 8.0; Windows NT 6.1; WOW64; Trident/4.0; SLCC2; .NET CLR 2.0.50727; .NET CLR 3.5.30729; .NET CLR 3.0.30729; Media Center PC 6.0; .NET4.0C; .NET4.0E)|http://auth.pifii.com/favicon.ico
2015-06-03 10:15:24,433 pool-2-thread-2 ERROR <clinit> - <14>Jun  3 10:15:21 ćŻ process: |witfii:|0100860000002772|08:57:00:33:27:c5|Mozilla/5.0 (Windows NT 6.1; WOW64) AppleWebKit/537.36 (KHTML, like Gecko) Chrome/31.0.1650.63 Safari/537.36|http://my.oschina.net/liting/blog
2015-06-03 10:15:25,036 pool-2-thread-2 ERROR <clinit> - <14>Jun  3 10:15:22 ćŻ process: |witfii:|0100860000002772|08:57:00:33:27:c5|Microsoft NCSI|http://www.msftncsi.com/ncsi.txt
2015-06-03 10:15:25,103 pool-2-thread-2 ERROR <clinit> - <14>Jun  3 10:15:22 ćŻ process: |witfii:|0100860000002772|08:57:00:33:27:c5|Microsoft NCSI|http://m.pifii.com/ifidc/pifii.html?mac=08:57:00:33:27:c5&routersn=0100860000002772
2015-06-03 10:15:26,092 pool-2-thread-2 ERROR <clinit> - <14>Jun  3 10:15:23 ćŻ process: |witfii:|0100860000002772|08:57:00:33:27:c5|Mozilla/4.0 (compatible; MSIE 7.0; Windows NT 6.1; WOW64; Trident/4.0; SLCC2; .NET CLR 2.0.50727; .NET CLR 3.5.30729; .NET CLR 3.0.30729; Media Center PC 6.0; .NET4.0C; .NET4.0E)|http://auth.pifii.com:8090/pifii/portal/pc/auth?routersn=0100860000002772&mac=08:57:00:33:27:c5&666c774cb
2015-06-03 10:15:26,270 pool-2-thread-2 ERROR <clinit> - <14>Jun  3 10:15:23 ćŻ process: |witfii:|0100860000002772|08:57:00:33:27:c5|Mozilla/4.0 (compatible; MSIE 8.0; Windows NT 6.1; WOW64; Trident/4.0; SLCC2; .NET CLR 2.0.50727; .NET CLR 3.5.30729; .NET CLR 3.0.30729; Media Center PC 6.0; .NET4.0C; .NET4.0E)|http://auth.pifii.com/favicon.ico
2015-06-03 10:15:55,393 pool-2-thread-2 ERROR <clinit> - <14>Jun  3 10:15:52 ćŻ process: |witfii:|0100860000002772|08:57:00:33:27:c5|Microsoft NCSI|http://www.msftncsi.com/ncsi.txt
2015-06-03 10:15:55,423 pool-2-thread-3 ERROR <clinit> - <14>Jun  3 10:15:52 ćŻ process: |witfii:|0100860000002772|08:57:00:33:27:c5|Microsoft NCSI|http://m.pifii.com/ifidc/pifii.html?mac=08:57:00:33:27:c5&routersn=0100860000002772
2015-06-03 10:16:25,060 pool-2-thread-3 ERROR <clinit> - <14>Jun  3 10:16:22 ćŻ process: |witfii:|0100860000002772|08:57:00:33:27:c5|Microsoft NCSI|http://www.msftncsi.com/ncsi.txt
2015-06-03 10:16:25,072 pool-2-thread-2 ERROR <clinit> - <14>Jun  3 10:16:22 ćŻ process: |witfii:|0100860000002772|08:57:00:33:27:c5|Microsoft NCSI|http://m.pifii.com/ifidc/pifii.html?mac=08:57:00:33:27:c5&routersn=0100860000002772
2015-06-03 10:16:55,072 pool-2-thread-2 ERROR <clinit> - <14>Jun  3 10:16:52 ćŻ process: |witfii:|0100860000002772|08:57:00:33:27:c5|Microsoft NCSI|http://www.msftncsi.com/ncsi.txt
2015-06-03 10:16:55,084 pool-2-thread-3 ERROR <clinit> - <14>Jun  3 10:16:52 ćŻ process: |witfii:|0100860000002772|08:57:00:33:27:c5|Microsoft NCSI|http://m.pifii.com/ifidc/pifii.html?mac=08:57:00:33:27:c5&routersn=0100860000002772
